# JRE version: OpenJDK Runtime Environment (8.0_152-b01) (build 1.8.0_152-release-915-b01)
# Java VM: OpenJDK 64-Bit Server VM (25.152-b01 mixed mode windows-amd64 compressed oops)
Heap:
 PSYoungGen      total 186368K, used 101433K [0x00000000e0000000, 0x00000000ede00000, 0x0000000100000000)
  eden space 151552K, 46% used [0x00000000e0000000,0x00000000e4564428,0x00000000e9400000)
  from space 34816K, 87% used [0x00000000ebb00000,0x00000000ed8aa3a0,0x00000000edd00000)
  to   space 37888K, 0% used [0x00000000e9400000,0x00000000e9400000,0x00000000eb900000)
 ParOldGen       total 119808K, used 54542K [0x00000000a0000000, 0x00000000a7500000, 0x00000000e0000000)
  object space 119808K, 45% used [0x00000000a0000000,0x00000000a3543920,0x00000000a7500000)
 Metaspace       used 85861K, capacity 91226K, committed 91392K, reserved 1128448K
  class space    used 11113K, capacity 12465K, committed 12544K, reserved 1048576K
GC Heap History (10 events):
Event: 1258.266 GC heap before
{Heap before GC invocations=25 (full 3):
 PSYoungGen      total 211968K, used 207144K [0x00000000e0000000, 0x00000000eee00000, 0x0000000100000000)
  eden space 180224K, 100% used [0x00000000e0000000,0x00000000eb000000,0x00000000eb000000)
  from space 31744K, 84% used [0x00000000eb000000,0x00000000eca4a178,0x00000000ecf00000)
  to   space 29696K, 0% used [0x00000000ed100000,0x00000000ed100000,0x00000000eee00000)
 ParOldGen       total 119808K, used 48638K [0x00000000a0000000, 0x00000000a7500000, 0x00000000e0000000)
  object space 119808K, 40% used [0x00000000a0000000,0x00000000a2f7f808,0x00000000a7500000)
 Metaspace       used 77388K, capacity 81734K, committed 81920K, reserved 1120256K
  class space    used 10168K, capacity 11227K, committed 11264K, reserved 1048576K
Event: 1258.282 GC heap after
Heap after GC invocations=25 (full 3):
 PSYoungGen      total 201728K, used 17107K [0x00000000e0000000, 0x00000000eec00000, 0x0000000100000000)
  eden space 174080K, 0% used [0x00000000e0000000,0x00000000e0000000,0x00000000eaa00000)
  from space 27648K, 61% used [0x00000000ed100000,0x00000000ee1b4fa8,0x00000000eec00000)
  to   space 33792K, 0% used [0x00000000eaa00000,0x00000000eaa00000,0x00000000ecb00000)
 ParOldGen       total 119808K, used 54491K [0x00000000a0000000, 0x00000000a7500000, 0x00000000e0000000)
  object space 119808K, 45% used [0x00000000a0000000,0x00000000a3536cd0,0x00000000a7500000)
 Metaspace       used 77388K, capacity 81734K, committed 81920K, reserved 1120256K
  class space    used 10168K, capacity 11227K, committed 11264K, reserved 1048576K
}
Event: 4106.119 GC heap before
{Heap before GC invocations=26 (full 3):
 PSYoungGen      total 201728K, used 191187K [0x00000000e0000000, 0x00000000eec00000, 0x0000000100000000)
  eden space 174080K, 100% used [0x00000000e0000000,0x00000000eaa00000,0x00000000eaa00000)
  from space 27648K, 61% used [0x00000000ed100000,0x00000000ee1b4fa8,0x00000000eec00000)
  to   space 33792K, 0% used [0x00000000eaa00000,0x00000000eaa00000,0x00000000ecb00000)
 ParOldGen       total 119808K, used 54491K [0x00000000a0000000, 0x00000000a7500000, 0x00000000e0000000)
  object space 119808K, 45% used [0x00000000a0000000,0x00000000a3536cd0,0x00000000a7500000)
 Metaspace       used 81700K, capacity 86272K, committed 86528K, reserved 1124352K
  class space    used 10659K, capacity 11754K, committed 11776K, reserved 1048576K
Event: 4106.176 GC heap after
Heap after GC invocations=26 (full 3):
 PSYoungGen      total 191488K, used 23142K [0x00000000e0000000, 0x00000000ee800000, 0x0000000100000000)
  eden space 167936K, 0% used [0x00000000e0000000,0x00000000e0000000,0x00000000ea400000)
  from space 23552K, 98% used [0x00000000eaa00000,0x00000000ec0999e8,0x00000000ec100000)
  to   space 34816K, 0% used [0x00000000ec600000,0x00000000ec600000,0x00000000ee800000)
 ParOldGen       total 119808K, used 54499K [0x00000000a0000000, 0x00000000a7500000, 0x00000000e0000000)
  object space 119808K, 45% used [0x00000000a0000000,0x00000000a3538cd0,0x00000000a7500000)
 Metaspace       used 81700K, capacity 86272K, committed 86528K, reserved 1124352K
  class space    used 10659K, capacity 11754K, committed 11776K, reserved 1048576K
}
Event: 4112.539 GC heap before
{Heap before GC invocations=27 (full 3):
 PSYoungGen      total 191488K, used 191078K [0x00000000e0000000, 0x00000000ee800000, 0x0000000100000000)
  eden space 167936K, 100% used [0x00000000e0000000,0x00000000ea400000,0x00000000ea400000)
  from space 23552K, 98% used [0x00000000eaa00000,0x00000000ec0999e8,0x00000000ec100000)
  to   space 34816K, 0% used [0x00000000ec600000,0x00000000ec600000,0x00000000ee800000)
 ParOldGen       total 119808K, used 54499K [0x00000000a0000000, 0x00000000a7500000, 0x00000000e0000000)
  object space 119808K, 45% used [0x00000000a0000000,0x00000000a3538cd0,0x00000000a7500000)
 Metaspace       used 84361K, capacity 89190K, committed 89344K, reserved 1126400K
  class space    used 10954K, capacity 12187K, committed 12288K, reserved 1048576K
Event: 4112.561 GC heap after
Heap after GC invocations=27 (full 3):
 PSYoungGen      total 193536K, used 24481K [0x00000000e0000000, 0x00000000ee480000, 0x0000000100000000)
  eden space 162304K, 0% used [0x00000000e0000000,0x00000000e0000000,0x00000000e9e80000)
  from space 31232K, 78% used [0x00000000ec600000,0x00000000edde8548,0x00000000ee480000)
  to   space 35840K, 0% used [0x00000000e9e80000,0x00000000e9e80000,0x00000000ec180000)
 ParOldGen       total 119808K, used 54507K [0x00000000a0000000, 0x00000000a7500000, 0x00000000e0000000)
  object space 119808K, 45% used [0x00000000a0000000,0x00000000a353acd0,0x00000000a7500000)
 Metaspace       used 84361K, capacity 89190K, committed 89344K, reserved 1126400K
  class space    used 10954K, capacity 12187K, committed 12288K, reserved 1048576K
}
Event: 8302.029 GC heap before
{Heap before GC invocations=28 (full 3):
 PSYoungGen      total 193536K, used 186785K [0x00000000e0000000, 0x00000000ee480000, 0x0000000100000000)
  eden space 162304K, 100% used [0x00000000e0000000,0x00000000e9e80000,0x00000000e9e80000)
  from space 31232K, 78% used [0x00000000ec600000,0x00000000edde8548,0x00000000ee480000)
  to   space 35840K, 0% used [0x00000000e9e80000,0x00000000e9e80000,0x00000000ec180000)
 ParOldGen       total 119808K, used 54507K [0x00000000a0000000, 0x00000000a7500000, 0x00000000e0000000)
  object space 119808K, 45% used [0x00000000a0000000,0x00000000a353acd0,0x00000000a7500000)
 Metaspace       used 85019K, capacity 90198K, committed 90496K, reserved 1128448K
  class space    used 11026K, capacity 12307K, committed 12416K, reserved 1048576K
Event: 8302.092 GC heap after
Heap after GC invocations=28 (full 3):
 PSYoungGen      total 176128K, used 18952K [0x00000000e0000000, 0x00000000edd00000, 0x0000000100000000)
  eden space 156672K, 0% used [0x00000000e0000000,0x00000000e0000000,0x00000000e9900000)
  from space 19456K, 97% used [0x00000000e9e80000,0x00000000eb102228,0x00000000eb180000)
  to   space 34816K, 0% used [0x00000000ebb00000,0x00000000ebb00000,0x00000000edd00000)
 ParOldGen       total 119808K, used 54534K [0x00000000a0000000, 0x00000000a7500000, 0x00000000e0000000)
  object space 119808K, 45% used [0x00000000a0000000,0x00000000a3541920,0x00000000a7500000)
 Metaspace       used 85019K, capacity 90198K, committed 90496K, reserved 1128448K
  class space    used 11026K, capacity 12307K, committed 12416K, reserved 1048576K
}
Event: 8342.397 GC heap before
{Heap before GC invocations=29 (full 3):
 PSYoungGen      total 176128K, used 175624K [0x00000000e0000000, 0x00000000edd00000, 0x0000000100000000)
  eden space 156672K, 100% used [0x00000000e0000000,0x00000000e9900000,0x00000000e9900000)
  from space 19456K, 97% used [0x00000000e9e80000,0x00000000eb102228,0x00000000eb180000)
  to   space 34816K, 0% used [0x00000000ebb00000,0x00000000ebb00000,0x00000000edd00000)
 ParOldGen       total 119808K, used 54534K [0x00000000a0000000, 0x00000000a7500000, 0x00000000e0000000)
  object space 119808K, 45% used [0x00000000a0000000,0x00000000a3541920,0x00000000a7500000)
 Metaspace       used 85366K, capacity 90742K, committed 91008K, reserved 1128448K
  class space    used 11067K, capacity 12395K, committed 12416K, reserved 1048576K
Event: 8342.436 GC heap after
Heap after GC invocations=29 (full 3):
 PSYoungGen      total 186368K, used 30376K [0x00000000e0000000, 0x00000000ede00000, 0x0000000100000000)
  eden space 151552K, 0% used [0x00000000e0000000,0x00000000e0000000,0x00000000e9400000)
  from space 34816K, 87% used [0x00000000ebb00000,0x00000000ed8aa3a0,0x00000000edd00000)
  to   space 37888K, 0% used [0x00000000e9400000,0x00000000e9400000,0x00000000eb900000)
 ParOldGen       total 119808K, used 54542K [0x00000000a0000000, 0x00000000a7500000, 0x00000000e0000000)
  object space 119808K, 45% used [0x00000000a0000000,0x00000000a3543920,0x00000000a7500000)
 Metaspace       used 85366K, capacity 90742K, committed 91008K, reserved 1128448K
  class space    used 11067K, capacity 12395K, committed 12416K, reserved 1048576K
}

